Arguments: 
  /usr/bin/node /usr/local/bin/yarn upgrade

PATH: 
  /usr/local/sbin:/usr/local/bin:/usr/sbin:/usr/bin:/sbin:/bin:/usr/games:/usr/local/games:/snap/bin

Yarn version: 
  1.22.10

Node version: 
  12.22.1

Platform: 
  linux x64

Trace: 
  Error: EACCES: permission denied, unlink '/home/alina/Desktop/reactapp/node_modules/.yarn-integrity'

npm manifest: 
  {
    "dependencies": {
      "nodejs": "^0.0.0"
    }
  }

yarn manifest: 
  No manifest

Lockfile: 
  # THIS IS AN AUTOGENERATED FILE. DO NOT EDIT THIS FILE DIRECTLY.
  # yarn lockfile v1
  
  
  nodejs@^0.0.0:
    version "0.0.0"
    resolved "https://registry.yarnpkg.com/nodejs/-/nodejs-0.0.0.tgz#4722fa2e18ac4eb73a42ae16d01e3584a12b7531"
    integrity sha1-RyL6LhisTrc6Qq4W0B41hKErdTE=
